<?xml version="1.0" encoding="UTF-8"?>
<!-- Generated by org.testng.reporters.JUnitXMLReporter -->
<testsuite ignored="0" hostname="Log-53BX2Z2" failures="0" tests="4" name="Test" time="0.037" errors="0" timestamp="2022-09-07T18:32:14 MDT">
  <testcase classname="testsuite.Module1" name="test001" time="0.007"/>
  <testcase classname="testsuite.Module1" name="test002" time="0.001"/>
  <testcase classname="testsuite.Module2" name="test001" time="0.0"/>
  <testcase classname="testsuite.Module2" name="test002" time="0.0"/>
</testsuite> <!-- Test -->
