<?xml version="1.0" encoding="UTF-8"?>
<!-- Generated by org.testng.reporters.JUnitXMLReporter -->
<testsuite ignored="0" hostname="Log-53BX2Z2" failures="0" tests="8" name="Testing1" time="0.038" errors="0" timestamp="2022-09-08T19:53:36 MDT">
  <testcase classname="testsuite.Module2" name="calculatesum" time="0.004"/>
  <testcase classname="testsuite.Module1" name="avenumbers" time="0.007"/>
  <testcase classname="testsuite.Module2" name="greaternumber" time="0.0"/>
  <testcase classname="testsuite.Module1" name="dividenumbers" time="0.001"/>
  <testcase classname="testsuite.Module1" name="multiplynumbers" time="0.0"/>
  <testcase classname="testsuite.Module2" name="marks" time="0.002"/>
  <testcase classname="testsuite.Module2" name="marks" time="0.001"/>
  <testcase classname="testsuite.Module2" name="printnumbers" time="0.001"/>
</testsuite> <!-- Testing1 -->
